<?xml version="1.0" encoding="UTF-8" ?>
<testsuite tests="4" failures="0" name="com.bjpowernode.settings.test.MyTest" time="0.021" errors="0" skipped="0">
  <properties>
    <property name="idea.version" value="2020.3.1"/>
    <property name="java.runtime.name" value="OpenJDK Runtime Environment"/>
    <property name="sun.boot.library.path" value="D:\Program Files (x86)\jdk1.8\jre\bin"/>
    <property name="java.vm.version" value="25.292-b10"/>
    <property name="java.vm.vendor" value="Amazon.com Inc."/>
    <property name="maven.multiModuleProjectDirectory" value="D:\Program Files (x86)\IntelliJ IDEA 2020.3.1\crm\crm"/>
    <property name="java.vendor.url" value="https://aws.amazon.com/corretto/"/>
    <property name="path.separator" value=";"/>
    <property name="guice.disable.misplaced.annotation.check" value="true"/>
    <property name="java.vm.name" value="OpenJDK 64-Bit Server VM"/>
    <property name="file.encoding.pkg" value="sun.io"/>
    <property name="user.script" value=""/>
    <property name="user.country" value="CN"/>
    <property name="sun.java.launcher" value="SUN_STANDARD"/>
    <property name="sun.os.patch.level" value=""/>
    <property name="java.vm.specification.name" value="Java Virtual Machine Specification"/>
    <property name="user.dir" value="D:\Program Files (x86)\IntelliJ IDEA 2020.3.1\crm\crm"/>
    <property name="java.runtime.version" value="1.8.0_292-b10"/>
    <property name="java.awt.graphicsenv" value="sun.awt.Win32GraphicsEnvironment"/>
    <property name="java.endorsed.dirs" value="D:\Program Files (x86)\jdk1.8\jre\lib\endorsed"/>
    <property name="os.arch" value="amd64"/>
    <property name="java.io.tmpdir" value="C:\Users\82755\AppData\Local\Temp\"/>
    <property name="line.separator" value="
"/>
    <property name="java.vm.specification.vendor" value="Oracle Corporation"/>
    <property name="user.variant" value=""/>
    <property name="os.name" value="Windows 10"/>
    <property name="maven.ext.class.path" value="D:\Program Files (x86)\IntelliJ IDEA 2020.3.1\plugins\maven\lib\maven-event-listener.jar"/>
    <property name="archetypeCatalog" value="internal"/>
    <property name="classworlds.conf" value="D:\Program Files (x86)\Maven\maven_work\apache-maven-3.3.9\bin\m2.conf"/>
    <property name="sun.jnu.encoding" value="GBK"/>
    <property name="java.library.path" value="D:\Program Files (x86)\jdk1.8\bin;C:\WINDOWS\Sun\Java\bin;C:\WINDOWS\system32;C:\WINDOWS;C:\Program Files\Common Files\Oracle\Java\javapath;C:\Windows\system32;C:\Windows;C:\Windows\System32\Wbem;C:\Windows\System32\WindowsPowerShell\v1.0\;C:\Windows\System32\OpenSSH\;C:\Program Files (x86)\NVIDIA Corporation\PhysX\Common;C:\Program Files\NVIDIA Corporation\NVIDIA NvDLISR;C:\Program Files (x86)\MySQL\MySQL Server 5.5\bin;D:\Program Files (x86)\MySql Connector Java 5.1.23\mysql-connector-java-5.1.23-bin.jar;C:\WINDOWS\system32;C:\WINDOWS;C:\WINDOWS\System32\Wbem;C:\WINDOWS\System32\WindowsPowerShell\v1.0\;C:\WINDOWS\System32\OpenSSH\;D:\Program Files (x86)\apache-tomcat-9.0.46\bin;D:\Program Files (x86)\apache-tomcat-9.0.46\lib;C:\Users\82755\AppData\Roaming\Microsoft\Windows\Start Menu\Programs\Python 3.8;D:\Program Files (x86)\Maven\maven_work\apache-maven-3.3.9\bin;D:\Program Files (x86)\git\setup\Git\cmd;D:\Python\Scripts\;D:\Python\;D:\Program Files (x86)\JAVA\bin;C:\Program Files (x86)\MySQL\MySQL Server 5.5\bin;D:\Python\PyCharm 2020.3.5\bin;;D:\Python\PyCharm Community Edition 2021.1.2\bin;;C:\Users\82755\AppData\Local\Microsoft\WindowsApps;;."/>
    <property name="java.specification.name" value="Java Platform API Specification"/>
    <property name="java.class.version" value="52.0"/>
    <property name="sun.management.compiler" value="HotSpot 64-Bit Tiered Compilers"/>
    <property name="os.version" value="10.0"/>
    <property name="user.home" value="C:\Users\82755"/>
    <property name="user.timezone" value="Asia/Shanghai"/>
    <property name="java.awt.printerjob" value="sun.awt.windows.WPrinterJob"/>
    <property name="java.specification.version" value="1.8"/>
    <property name="file.encoding" value="UTF-8"/>
    <property name="user.name" value="82755"/>
    <property name="java.class.path" value="D:\Program Files (x86)\Maven\maven_work\apache-maven-3.3.9\boot\plexus-classworlds-2.5.2.jar;D:\Program Files (x86)\IntelliJ IDEA 2020.3.1\lib\idea_rt.jar"/>
    <property name="java.vm.specification.version" value="1.8"/>
    <property name="sun.arch.data.model" value="64"/>
    <property name="java.home" value="D:\Program Files (x86)\jdk1.8\jre"/>
    <property name="sun.java.command" value="org.codehaus.classworlds.Launcher -Didea.version=2020.3.1 -s D:\Program Files (x86)\Maven\maven_work\apache-maven-3.3.9\conf\settings.xml package"/>
    <property name="java.specification.vendor" value="Oracle Corporation"/>
    <property name="user.language" value="zh"/>
    <property name="awt.toolkit" value="sun.awt.windows.WToolkit"/>
    <property name="java.vm.info" value="mixed mode"/>
    <property name="java.version" value="1.8.0_292"/>
    <property name="java.ext.dirs" value="D:\Program Files (x86)\jdk1.8\jre\lib\ext;C:\WINDOWS\Sun\Java\lib\ext"/>
    <property name="sun.boot.class.path" value="D:\Program Files (x86)\jdk1.8\jre\lib\resources.jar;D:\Program Files (x86)\jdk1.8\jre\lib\rt.jar;D:\Program Files (x86)\jdk1.8\jre\lib\sunrsasign.jar;D:\Program Files (x86)\jdk1.8\jre\lib\jsse.jar;D:\Program Files (x86)\jdk1.8\jre\lib\jce.jar;D:\Program Files (x86)\jdk1.8\jre\lib\charsets.jar;D:\Program Files (x86)\jdk1.8\jre\lib\jfr.jar;D:\Program Files (x86)\jdk1.8\jre\classes"/>
    <property name="java.vendor" value="Amazon.com Inc."/>
    <property name="maven.home" value="D:\Program Files (x86)\Maven\maven_work\apache-maven-3.3.9"/>
    <property name="file.separator" value="\"/>
    <property name="java.vendor.url.bug" value="https://github.com/corretto/corretto-8/issues/"/>
    <property name="sun.cpu.endian" value="little"/>
    <property name="sun.io.unicode.encoding" value="UnicodeLittle"/>
    <property name="sun.desktop" value="windows"/>
    <property name="sun.cpu.isalist" value="amd64"/>
  </properties>
  <testcase classname="com.bjpowernode.settings.test.MyTest" name="Test01" time="0.012"/>
  <testcase classname="com.bjpowernode.settings.test.MyTest" name="Test02" time="0"/>
  <testcase classname="com.bjpowernode.settings.test.MyTest" name="Test03" time="0"/>
  <testcase classname="com.bjpowernode.settings.test.MyTest" name="Test04" time="0.009"/>
</testsuite>